[    0.000000] Linux version 4.15.0-173-generic (buildd@lcy02-amd64-094) (gcc version 7.5.0 (Ubuntu 7.5.0-3ubuntu1~18.04)) #182-Ubuntu SMP Fri Mar 18 15:53:46 UTC 2022 (Ubuntu 4.15.0-173.182-generic 4.15.18)
[    0.000000] Command line: BOOT_IMAGE=/boot/vmlinuz-4.15.0-173-generic root=LABEL=cloudimg-rootfs ro console=tty1 console=ttyS0
[    0.000000] KERNEL supported cpus:
[    0.000000]   Intel GenuineIntel
[    0.000000]   AMD AuthenticAMD
[    0.000000]   Centaur CentaurHauls
[    0.000000] [Firmware Bug]: TSC doesn't count with P0 frequency!
[    0.000000] x86/fpu: x87 FPU will use FXSAVE
[    0.000000] e820: BIOS-provided physical RAM map:
[    0.000000] BIOS-e820: [mem 0x0000000000000000-0x000000000009fbff] usable
[    0.000000] BIOS-e820: [mem 0x000000000009fc00-0x000000000009ffff] reserved
[    0.000000] BIOS-e820: [mem 0x00000000000f0000-0x00000000000fffff] reserved
[    0.000000] BIOS-e820: [mem 0x0000000000100000-0x00000000c77effff] usable
[    0.000000] BIOS-e820: [mem 0x00000000c77f0000-0x00000000c77fffff] ACPI data
[    0.000000] BIOS-e820: [mem 0x00000000fec00000-0x00000000fec00fff] reserved
[    0.000000] BIOS-e820: [mem 0x00000000fee00000-0x00000000fee00fff] reserved
[    0.000000] BIOS-e820: [mem 0x00000000fffc0000-0x00000000ffffffff] reserved
[    0.000000] NX (Execute Disable) protection: active
[    0.000000] SMBIOS 2.5 present.
[    0.000000] DMI: innotek GmbH VirtualBox/VirtualBox, BIOS VirtualBox 12/01/2006
[    0.000000] Hypervisor detected: KVM
[    0.000000] e820: last_pfn = 0xc77f0 max_arch_pfn = 0x400000000
[    0.000000] MTRR: Disabled
[    0.000000] x86/PAT: MTRRs disabled, skipping PAT initialization too.
[    0.000000] CPU MTRRs all blank - virtualized system.
[    0.000000] x86/PAT: Configuration [0-7]: WB  WT  UC- UC  WB  WT  UC- UC  
[    0.000000] found SMP MP-table at [mem 0x0009fff0-0x0009ffff]
[    0.000000] Scanning 1 areas for low memory corruption
[    0.000000] RAMDISK: [mem 0x359cb000-0x36cdcfff]
[    0.000000] ACPI: Early table checksum verification disabled
[    0.000000] ACPI: RSDP 0x00000000000E0000 000024 (v02 VBOX  )
[    0.000000] ACPI: XSDT 0x00000000C77F0030 00003C (v01 VBOX   VBOXXSDT 00000001 ASL  00000061)
[    0.000000] ACPI: FACP 0x00000000C77F00F0 0000F4 (v04 VBOX   VBOXFACP 00000001 ASL  00000061)
[    0.000000] ACPI: DSDT 0x00000000C77F0470 002325 (v02 VBOX   VBOXBIOS 00000002 INTL 20100528)
[    0.000000] ACPI: FACS 0x00000000C77F0200 000040
[    0.000000] ACPI: FACS 0x00000000C77F0200 000040
[    0.000000] ACPI: APIC 0x00000000C77F0240 00005C (v02 VBOX   VBOXAPIC 00000001 ASL  00000061)
[    0.000000] ACPI: SSDT 0x00000000C77F02A0 0001CC (v01 VBOX   VBOXCPUT 00000002 INTL 20100528)
[    0.000000] ACPI: Reserving FACP table memory at [mem 0xc77f00f0-0xc77f01e3]
[    0.000000] ACPI: Reserving DSDT table memory at [mem 0xc77f0470-0xc77f2794]
[    0.000000] ACPI: Reserving FACS table memory at [mem 0xc77f0200-0xc77f023f]
[    0.000000] ACPI: Reserving FACS table memory at [mem 0xc77f0200-0xc77f023f]
[    0.000000] ACPI: Reserving APIC table memory at [mem 0xc77f0240-0xc77f029b]
[    0.000000] ACPI: Reserving SSDT table memory at [mem 0xc77f02a0-0xc77f046b]
[    0.000000] No NUMA configuration found
[    0.000000] Faking a node at [mem 0x0000000000000000-0x00000000c77effff]
[    0.000000] NODE_DATA(0) allocated [mem 0xc77c5000-0xc77effff]
[    0.000000] kvm-clock: cpu 0, msr 0:c7744001, primary cpu clock
[    0.000000] kvm-clock: Using msrs 4b564d01 and 4b564d00
[    0.000000] kvm-clock: using sched offset of 3438800514 cycles
[    0.000000] clocksource: kvm-clock: mask: 0xffffffffffffffff max_cycles: 0x1cd42e4dffb, max_idle_ns: 881590591483 ns
[    0.000000] Zone ranges:
[    0.000000]   DMA      [mem 0x0000000000001000-0x0000000000ffffff]
[    0.000000]   DMA32    [mem 0x0000000001000000-0x00000000c77effff]
[    0.000000]   Normal   empty
[    0.000000]   Device   empty
[    0.000000] Movable zone start for each node
[    0.000000] Early memory node ranges
[    0.000000]   node   0: [mem 0x0000000000001000-0x000000000009efff]
[    0.000000]   node   0: [mem 0x0000000000100000-0x00000000c77effff]
[    0.000000] Reserved but unavailable: 104 pages
[    0.000000] Initmem setup node 0 [mem 0x0000000000001000-0x00000000c77effff]
[    0.000000] ACPI: PM-Timer IO Port: 0x4008
[    0.000000] IOAPIC[0]: apic_id 2, version 32, address 0xfec00000, GSI 0-23
[    0.000000] ACPI: INT_SRC_OVR (bus 0 bus_irq 0 global_irq 2 dfl dfl)
[    0.000000] ACPI: INT_SRC_OVR (bus 0 bus_irq 9 global_irq 9 low level)
[    0.000000] Using ACPI (MADT) for SMP configuration information
[    0.000000] smpboot: Allowing 2 CPUs, 0 hotplug CPUs
[    0.000000] PM: Registered nosave memory: [mem 0x00000000-0x00000fff]
[    0.000000] PM: Registered nosave memory: [mem 0x0009f000-0x0009ffff]
[    0.000000] PM: Registered nosave memory: [mem 0x000a0000-0x000effff]
[    0.000000] PM: Registered nosave memory: [mem 0x000f0000-0x000fffff]
[    0.000000] e820: [mem 0xc7800000-0xfebfffff] available for PCI devices
[    0.000000] Booting paravirtualized kernel on KVM
[    0.000000] clocksource: refined-jiffies: mask: 0xffffffff max_cycles: 0xffffffff, max_idle_ns: 7645519600211568 ns
[    0.000000] random: get_random_bytes called from start_kernel+0x99/0x500 with crng_init=0
[    0.000000] setup_percpu: NR_CPUS:8192 nr_cpumask_bits:2 nr_cpu_ids:2 nr_node_ids:1
[    0.000000] percpu: Embedded 50 pages/cpu s167936 r8192 d28672 u1048576
[    0.000000] PV qspinlock hash table entries: 256 (order: 0, 4096 bytes)
[    0.000000] Built 1 zonelists, mobility grouping on.  Total pages: 804249
[    0.000000] Policy zone: DMA32
[    0.000000] Kernel command line: BOOT_IMAGE=/boot/vmlinuz-4.15.0-173-generic root=LABEL=cloudimg-rootfs ro console=tty1 console=ttyS0
[    0.000000] Memory: 3167864K/3268152K available (12300K kernel code, 2484K rwdata, 4324K rodata, 2468K init, 2724K bss, 100288K reserved, 0K cma-reserved)
[    0.000000] SLUB: HWalign=64, Order=0-3, MinObjects=0, CPUs=2, Nodes=1
[    0.000000] ftrace: allocating 39503 entries in 155 pages
[    0.004000] Hierarchical RCU implementation.
[    0.004000] 	RCU restricting CPUs from NR_CPUS=8192 to nr_cpu_ids=2.
[    0.004000] 	Tasks RCU enabled.
[    0.004000] RCU: Adjusting geometry for rcu_fanout_leaf=16, nr_cpu_ids=2
[    0.004000] NR_IRQS: 524544, nr_irqs: 440, preallocated irqs: 16
[    0.004000] Console: colour VGA+ 80x25
[    0.004000] console [tty1] enabled
[    0.004000] console [ttyS0] enabled
[    0.004000] ACPI: Core revision 20170831
[    0.004000] ACPI: 2 ACPI AML tables successfully acquired and loaded
[    0.004000] APIC: Switch to symmetric I/O mode setup
[    0.004000] ..TIMER: vector=0x30 apic1=0 pin1=2 apic2=-1 pin2=-1
[    0.004000] tsc: Detected 3699.996 MHz processor
[    0.004000] Calibrating delay loop (skipped) preset value.. 7399.99 BogoMIPS (lpj=14799984)
[    0.004000] pid_max: default: 32768 minimum: 301
[    0.004000] Security Framework initialized
[    0.004000] Yama: becoming mindful.
[    0.004000] AppArmor: AppArmor initialized
[    0.004000] Dentry cache hash table entries: 524288 (order: 10, 4194304 bytes)
[    0.004000] Inode-cache hash table entries: 262144 (order: 9, 2097152 bytes)
[    0.004000] Mount-cache hash table entries: 8192 (order: 4, 65536 bytes)
[    0.004000] Mountpoint-cache hash table entries: 8192 (order: 4, 65536 bytes)
[    0.004000] Last level iTLB entries: 4KB 512, 2MB 512, 4MB 256
[    0.004000] Last level dTLB entries: 4KB 2048, 2MB 2048, 4MB 1024, 1GB 0
[    0.004000] Spectre V1 : Mitigation: usercopy/swapgs barriers and __user pointer sanitization
[    0.004000] Spectre V2 : LFENCE not serializing, switching to generic retpoline
[    0.004000] Spectre V2 : Mitigation: Retpolines
[    0.004000] Spectre V2 : Spectre v2 / SpectreRSB mitigation: Filling RSB on context switch
[    0.004000] Speculative Store Bypass: Vulnerable
[    0.004000] Freeing SMP alternatives memory: 36K
[    0.016000] APIC calibration not consistent with PM-Timer: 112ms instead of 100ms
[    0.016000] APIC delta adjusted to PM-Timer: 6398990 (7175316)
[    0.016000] smpboot: CPU0: AMD Ryzen 9 5900X 12-Core Processor (family: 0x19, model: 0x21, stepping: 0x0)
[    0.016000] Performance Events: PMU not available due to virtualization, using software events only.
[    0.016000] Hierarchical SRCU implementation.
[    0.016000] NMI watchdog: Perf event create on CPU 0 failed with -2
[    0.016000] NMI watchdog: Perf NMI watchdog permanently disabled
[    0.016000] smp: Bringing up secondary CPUs ...
[    0.016000] x86: Booting SMP configuration:
[    0.016000] .... node  #0, CPUs:      #1
[    0.004000] kvm-clock: cpu 1, msr 0:c7744041, secondary cpu clock
[    0.024000] TSC synchronization [CPU#0 -> CPU#1]:
[    0.024000] Measured 73999 cycles TSC warp between CPUs, turning off TSC clock.
[    0.024000] tsc: Marking TSC unstable due to check_tsc_sync_source failed
[    0.024053] smp: Brought up 1 node, 2 CPUs
[    0.025708] smpboot: Max logical packages: 1
[    0.027376] smpboot: Total of 2 processors activated (14799.98 BogoMIPS)
[    0.028106] devtmpfs: initialized
[    0.029601] x86/mm: Memory block size: 128MB
[    0.031848] evm: security.selinux
[    0.032000] evm: security.SMACK64
[    0.032000] evm: security.SMACK64EXEC
[    0.032000] evm: security.SMACK64TRANSMUTE
[    0.032000] evm: security.SMACK64MMAP
[    0.032000] evm: security.apparmor
[    0.032000] evm: security.ima
[    0.032000] evm: security.capability
[    0.048171] clocksource: jiffies: mask: 0xffffffff max_cycles: 0xffffffff, max_idle_ns: 7645041785100000 ns
[    0.051641] futex hash table entries: 512 (order: 3, 32768 bytes)
[    0.052000] pinctrl core: initialized pinctrl subsystem
[    0.052000] RTC time:  8:36:16, date: 05/26/22
[    0.052000] NET: Registered protocol family 16
[    0.052000] audit: initializing netlink subsys (disabled)
[    0.068072] audit: type=2000 audit(1653554181.448:1): state=initialized audit_enabled=0 res=1
[    0.071131] cpuidle: using governor ladder
[    0.072113] cpuidle: using governor menu
[    0.076059] ACPI: bus type PCI registered
[    0.077479] acpiphp: ACPI Hot Plug PCI Controller Driver version: 0.5
[    0.079866] PCI: Using configuration type 1 for base access
[    0.080000] PCI: Using configuration type 1 for extended access
[    0.080943] HugeTLB registered 2.00 MiB page size, pre-allocated 0 pages
[    0.084223] ACPI: Added _OSI(Module Device)
[    0.085589] ACPI: Added _OSI(Processor Device)
[    0.087172] ACPI: Added _OSI(3.0 _SCP Extensions)
[    0.088000] ACPI: Added _OSI(Processor Aggregator Device)
[    0.088000] ACPI: Added _OSI(Linux-Dell-Video)
[    0.088000] ACPI: Added _OSI(Linux-Lenovo-NV-HDMI-Audio)
[    0.088000] ACPI: Added _OSI(Linux-HPI-Hybrid-Graphics)
[    0.088366] ACPI: Executed 1 blocks of module-level executable AML code
[    0.093906] ACPI: Interpreter enabled
[    0.095241] ACPI: (supports S0 S5)
[    0.096000] ACPI: Using IOAPIC for interrupt routing
[    0.096149] PCI: Using host bridge windows from ACPI; if necessary, use "pci=nocrs" and report a bug
[    0.099367] ACPI: Enabled 2 GPEs in block 00 to 07
[    0.105290] ACPI: PCI Root Bridge [PCI0] (domain 0000 [bus 00-ff])
[    0.107441] acpi PNP0A03:00: _OSC: OS supports [ExtendedConfig ASPM ClockPM Segments MSI]
[    0.108748] acpi PNP0A03:00: _OSC: platform does not support [PCIeCapability]
[    0.112316] acpi PNP0A03:00: _OSC: not requesting control; platform does not support [PCIeCapability]
[    0.115499] acpi PNP0A03:00: _OSC: OS requested [PCIeHotplug PME AER PCIeCapability]
[    0.116000] acpi PNP0A03:00: _OSC: platform willing to grant [PCIeHotplug PME AER]
[    0.116000] acpi PNP0A03:00: _OSC failed (AE_SUPPORT); disabling ASPM
[    0.116347] PCI host bridge to bus 0000:00
[    0.117818] pci_bus 0000:00: root bus resource [io  0x0000-0x0cf7 window]
[    0.120000] pci_bus 0000:00: root bus resource [io  0x0d00-0xffff window]
[    0.120000] pci_bus 0000:00: root bus resource [mem 0x000a0000-0x000bffff window]
[    0.120000] pci_bus 0000:00: root bus resource [mem 0xc7800000-0xfdffffff window]
[    0.120000] pci_bus 0000:00: root bus resource [bus 00-ff]
[    0.121999] pci 0000:00:01.1: legacy IDE quirk: reg 0x10: [io  0x01f0-0x01f7]
[    0.124000] pci 0000:00:01.1: legacy IDE quirk: reg 0x14: [io  0x03f6]
[    0.124000] pci 0000:00:01.1: legacy IDE quirk: reg 0x18: [io  0x0170-0x0177]
[    0.124000] pci 0000:00:01.1: legacy IDE quirk: reg 0x1c: [io  0x0376]
[    0.131952] pci 0000:00:07.0: quirk: [io  0x4000-0x403f] claimed by PIIX4 ACPI
[    0.132000] pci 0000:00:07.0: quirk: [io  0x4100-0x410f] claimed by PIIX4 SMB
[    0.137424] ACPI: PCI Interrupt Link [LNKA] (IRQs 5 9 10 *11)
[    0.140223] ACPI: PCI Interrupt Link [LNKB] (IRQs 5 9 *10 11)
[    0.142318] ACPI: PCI Interrupt Link [LNKC] (IRQs 5 *9 10 11)
[    0.144000] ACPI: PCI Interrupt Link [LNKD] (IRQs 5 9 10 *11)
[    0.144000] SCSI subsystem initialized
[    0.144188] pci 0000:00:02.0: vgaarb: setting as boot VGA device
[    0.146273] pci 0000:00:02.0: vgaarb: VGA device added: decodes=io+mem,owns=io+mem,locks=none
[    0.148000] pci 0000:00:02.0: vgaarb: bridge control possible
[    0.148000] vgaarb: loaded
[    0.148000] ACPI: bus type USB registered
[    0.148000] usbcore: registered new interface driver usbfs
[    0.148000] usbcore: registered new interface driver hub
[    0.148000] usbcore: registered new device driver usb
[    0.148066] EDAC MC: Ver: 3.0.0
[    0.152154] PCI: Using ACPI for IRQ routing
[    0.154148] NetLabel: Initializing
[    0.155532] NetLabel:  domain hash size = 128
[    0.156000] NetLabel:  protocols = UNLABELED CIPSOv4 CALIPSO
[    0.156000] NetLabel:  unlabeled traffic allowed by default
[    0.164164] clocksource: Switched to clocksource kvm-clock
[    0.168000] VFS: Disk quotas dquot_6.6.0
[    0.168000] VFS: Dquot-cache hash table entries: 512 (order 0, 4096 bytes)
[    0.168000] AppArmor: AppArmor Filesystem Enabled
[    0.168000] pnp: PnP ACPI init
[    0.191113] pnp: PnP ACPI: found 3 devices
[    0.212734] clocksource: acpi_pm: mask: 0xffffff max_cycles: 0xffffff, max_idle_ns: 2085701024 ns
[    0.215990] NET: Registered protocol family 2
[    0.216189] IP idents hash table entries: 65536 (order: 7, 524288 bytes)
[    0.216189] TCP established hash table entries: 32768 (order: 6, 262144 bytes)
[    0.216189] TCP bind hash table entries: 32768 (order: 7, 524288 bytes)
[    0.216189] TCP: Hash tables configured (established 32768 bind 32768)
[    0.216189] UDP hash table entries: 2048 (order: 4, 65536 bytes)
[    0.216189] UDP-Lite hash table entries: 2048 (order: 4, 65536 bytes)
[    0.216189] NET: Registered protocol family 1
[    0.216189] pci 0000:00:00.0: Limiting direct PCI/PCI transfers
[    0.216189] pci 0000:00:01.0: Activating ISA DMA hang workarounds
[    0.216189] pci 0000:00:02.0: Video device with shadowed ROM at [mem 0x000c0000-0x000dffff]
[    0.216189] Unpacking initramfs...
[    0.216189] Freeing initrd memory: 19528K
[    0.216189] clocksource: tsc: mask: 0xffffffffffffffff max_cycles: 0x6aaaa371c79, max_idle_ns: 881590671907 ns
[    0.216189] platform rtc_cmos: registered platform RTC device (no PNP device found)
[    0.216189] Scanning for low memory corruption every 60 seconds
[    0.477080] Initialise system trusted keyrings
[    0.478859] Key type blacklist registered
[    0.480788] workingset: timestamp_bits=36 max_order=20 bucket_order=0
[    0.484097] zbud: loaded
[    0.486008] squashfs: version 4.0 (2009/01/31) Phillip Lougher
[    0.488611] fuse init (API version 7.26)
[    0.506631] Key type asymmetric registered
[    0.508224] Asymmetric key parser 'x509' registered
[    0.510089] Block layer SCSI generic (bsg) driver version 0.4 loaded (major 246)
[    0.513260] io scheduler noop registered
[    0.514767] io scheduler deadline registered
[    0.516458] io scheduler cfq registered (default)
[    0.518695] ACPI: AC Adapter [AC] (on-line)
[    0.520386] input: Power Button as /devices/LNXSYSTM:00/LNXPWRBN:00/input/input0
[    0.523410] ACPI: Power Button [PWRF]
[    0.524953] input: Sleep Button as /devices/LNXSYSTM:00/LNXSLPBN:00/input/input1
[    0.527287] ACPI: Sleep Button [SLPF]
[    0.529910] Serial: 8250/16550 driver, 32 ports, IRQ sharing enabled
[    0.554681] 00:02: ttyS0 at I/O 0x3f8 (irq = 4, base_baud = 115200) is a 16550A
[    0.562897] Linux agpgart interface v0.103
[    0.568213] loop: module loaded
[    0.570844] scsi host0: ata_piix
[    0.572618] scsi host1: ata_piix
[    0.573911] ata1: PATA max UDMA/33 cmd 0x1f0 ctl 0x3f6 bmdma 0xd000 irq 14
[    0.576260] ata2: PATA max UDMA/33 cmd 0x170 ctl 0x376 bmdma 0xd008 irq 15
[    0.576590] tun: Universal TUN/TAP device driver, 1.6
[    0.580879] PPP generic driver version 2.4.2
[    0.582535] ehci_hcd: USB 2.0 'Enhanced' Host Controller (EHCI) Driver
[    0.584764] ehci-pci: EHCI PCI platform driver
[    0.586348] ehci-platform: EHCI generic platform driver
[    0.586497] ohci_hcd: USB 1.1 'Open' Host Controller (OHCI) Driver
[    0.586497] ohci-pci: OHCI PCI platform driver
[    0.586497] ohci-platform: OHCI generic platform driver
[    0.586497] uhci_hcd: USB Universal Host Controller Interface driver
[    0.586497] i8042: PNP: PS/2 Controller [PNP0303:PS2K,PNP0f03:PS2M] at 0x60,0x64 irq 1,12
[    0.600253] serio: i8042 KBD port at 0x60,0x64 irq 1
[    0.602042] serio: i8042 AUX port at 0x60,0x64 irq 12
[    0.604248] mousedev: PS/2 mouse device common for all mice
[    0.607195] rtc_cmos rtc_cmos: rtc core: registered rtc_cmos as rtc0
[    0.609569] rtc_cmos rtc_cmos: alarms up to one day, 114 bytes nvram
[    0.611162] i2c /dev entries driver
[    0.612247] device-mapper: uevent: version 1.0.3
[    0.614938] device-mapper: ioctl: 4.37.0-ioctl (2017-09-20) initialised: dm-devel@redhat.com
[    0.617980] ledtrig-cpu: registered to indicate activity on CPUs
[    0.621083] input: AT Translated Set 2 keyboard as /devices/platform/i8042/serio0/input/input2
[    0.621246] NET: Registered protocol family 10
[    0.630246] Segment Routing with IPv6
[    0.631685] NET: Registered protocol family 17
[    0.633747] Key type dns_resolver registered
[    0.635643] mce: Using 0 MCE banks
[    0.636922] RAS: Correctable Errors collector initialized.
[    0.638975] sched_clock: Marking stable (635623645, 0)->(1178619542, -542995897)
[    0.643217] registered taskstats version 1
[    0.644767] Loading compiled-in X.509 certificates
[    0.648532] Loaded X.509 cert 'Build time autogenerated kernel key: 70c562671a3916277fe5fdc18b24b613b7a6fbd0'
[    0.652208] Loaded X.509 cert 'Canonical Ltd. Live Patch Signing: 14df34d1a87cf37625abec039ef2bf521249b969'
[    0.656124] Loaded X.509 cert 'Canonical Ltd. Kernel Module Signing: 88f752e560a1e0737e31163a466ad7b70a850c19'
[    0.659502] blacklist: Loading compiled-in revocation X.509 certificates
[    0.661794] Loaded X.509 cert 'Canonical Ltd. Secure Boot Signing: 61482aa2830d0ab2ad5af10b7250da9033ddcef0'
[    0.665102] zswap: loaded using pool lzo/zbud
[    0.671088] Key type big_key registered
[    0.672493] Key type trusted registered
[    0.675691] Key type encrypted registered
[    0.677134] AppArmor: AppArmor sha1 policy hashing enabled
[    0.679051] ima: No TPM chip found, activating TPM-bypass! (rc=-19)
[    0.681193] ima: Allocated hash algorithm: sha1
[    0.683147] evm: HMAC attrs: 0x1
[    0.684781]   Magic number: 6:376:625
[    0.686326] rtc_cmos rtc_cmos: setting system clock to 2022-05-26 08:36:17 UTC (1653554177)
[    0.689475] BIOS EDD facility v0.16 2004-Jun-25, 0 devices found
[    0.691691] EDD information not available.
[    0.771422] Freeing unused kernel image memory: 2468K
[    0.788587] Write protecting the kernel read-only data: 20480k
[    0.791277] Freeing unused kernel image memory: 2008K
[    0.793418] Freeing unused kernel image memory: 1820K
[    0.798544] x86/mm: Checked W+X mappings: passed, no W+X pages found.
Loading, please wait...
starting version 237
[    0.845104] Fusion MPT base driver 3.04.20
[    0.846730] Copyright (c) 1999-2008 LSI Corporation
[    0.849590] e1000: Intel(R) PRO/1000 Network Driver - version 7.3.21-k8-NAPI
[    0.852281] e1000: Copyright (c) 1999-2006 Intel Corporation.
[    0.861680] Fusion MPT SPI Host driver 3.04.20
[    1.105912] input: ImExPS/2 Generic Explorer Mouse as /devices/platform/i8042/serio1/input/input4
[    1.310686] e1000 0000:00:03.0 eth0: (PCI:33MHz:32-bit) 02:27:94:89:a7:22
[    1.313136] e1000 0000:00:03.0 eth0: Intel(R) PRO/1000 Network Connection
[    1.317009] mptbase: ioc0: Initiating bringup
[    1.319546] e1000 0000:00:03.0 enp0s3: renamed from eth0
[    1.801424] ioc0: LSI53C1030 A0: Capabilities={Initiator}
[    2.820934] scsi host2: ioc0: LSI53C1030 A0, FwRev=00000000h, Ports=1, MaxQ=256, IRQ=20
[    3.039241] scsi 2:0:0:0: Direct-Access     VBOX     HARDDISK         1.0  PQ: 0 ANSI: 5
[    3.072518] scsi target2:0:0: Beginning Domain Validation
[    3.078239] scsi target2:0:0: Domain Validation skipping write tests
[    3.080400] scsi target2:0:0: Ending Domain Validation
[    3.082745] scsi target2:0:0: asynchronous
[    3.085463] scsi 2:0:1:0: Direct-Access     VBOX     HARDDISK         1.0  PQ: 0 ANSI: 5
[    4.292821] scsi target2:0:1: Beginning Domain Validation
[    4.298118] scsi target2:0:1: Domain Validation skipping write tests
[    4.300304] scsi target2:0:1: Ending Domain Validation
[    4.302307] scsi target2:0:1: asynchronous
[    4.307767] random: fast init done
[    4.310213] random: systemd-udevd: uninitialized urandom read (16 bytes read)
[    4.313075] random: systemd-udevd: uninitialized urandom read (16 bytes read)
[    4.315824] random: systemd-udevd: uninitialized urandom read (16 bytes read)
[    4.318951] sd 2:0:0:0: Attached scsi generic sg0 type 0
[    4.321470] sd 2:0:1:0: Attached scsi generic sg1 type 0
[    4.324282] sd 2:0:0:0: [sda] 83886080 512-byte logical blocks: (42.9 GB/40.0 GiB)
[    4.324462] sd 2:0:1:0: [sdb] 20480 512-byte logical blocks: (10.5 MB/10.0 MiB)
[    4.330043] sd 2:0:1:0: [sdb] Write Protect is off
[    4.330087] sd 2:0:0:0: [sda] Write Protect is off
[    4.334041] sd 2:0:1:0: [sdb] Incomplete mode parameter data
[    4.334026] sd 2:0:0:0: [sda] Incomplete mode parameter data
[    4.336240] sd 2:0:1:0: [sdb] Assuming drive cache: write through
[    4.338316] sd 2:0:0:0: [sda] Assuming drive cache: write through
[    4.384582]  sda: sda1
[    4.386436] sd 2:0:1:0: [sdb] Attached SCSI disk
[    4.389121] sd 2:0:0:0: [sda] Attached SCSI disk
Begin: Loading essential drivers ... [  955.518706] INFO: rcu_sched self-detected stall on CPU
[  955.518714] INFO: rcu_sched detected stalls on CPUs/tasks:
[  955.520539] 	1-...!: (1 GPs behind) idle=a42/140000000000001/0 softirq=826/830 fqs=0 
[  955.525175] 	 (t=237405 jiffies g=-203 c=-204 q=400)
[  955.525178] 	1-...!: (1 GPs behind) idle=a42/140000000000001/0 softirq=826/830 fqs=0 
[  955.526926] rcu_sched kthread starved for 237405 jiffies! g18446744073709551413 c18446744073709551412 f0x0 RCU_GP_WAIT_FQS(3) ->state=0x402 ->cpu=0
[  955.529809] 	(detected by 0, t=237405 jiffies, g=-203, c=-204, q=400)
[  955.529813] Sending NMI from CPU 0 to CPUs 1:
[  955.534048] rcu_sched       I    0     8      2 0x80000000
[  955.537396] NMI backtrace for cpu 1
[  955.537397] CPU: 1 PID: 262 Comm: modprobe Not tainted 4.15.0-173-generic #182-Ubuntu
[  955.537397] Hardware name: innotek GmbH VirtualBox/VirtualBox, BIOS VirtualBox 12/01/2006
[  955.537397] RIP: 0010:io_serial_out+0x1a/0x20
[  955.537398] RSP: 0018:ffff988ac7303bf8 EFLAGS: 00010002
[  955.537398] RAX: 000000000000005b RBX: ffffffff88b14e60 RCX: 0000000000000000
[  955.537398] RDX: 00000000000003f8 RSI: 0000000000000000 RDI: ffffffff88b14e60
[  955.537399] RBP: ffff988ac7303bf8 R08: 0000000000000000 R09: 0000000000000007
[  955.537399] R10: 0000000000000000 R11: ffffffff8896880d R12: 000000000000005b
[  955.537400] R13: ffffffff88968831 R14: ffffffff88968801 R15: ffffffff88b14e60
[  955.537412] FS:  00007fc1b07cc540(0000) GS:ffff988ac7300000(0000) knlGS:0000000000000000
[  955.537412] CS:  0010 DS: 0000 ES: 0000 CR0: 0000000080050033
[  955.537412] CR2: 00007fc1b07c4c0c CR3: 000000003665c000 CR4: 00000000000006e0
[  955.537413] Call Trace:
[  955.537413]  <IRQ>
[  955.537413]  serial8250_console_putchar+0x2d/0x40
[  955.537413]  ? wait_for_xmitr+0xb0/0xb0
[  955.537413]  uart_console_write+0x4c/0x60
[  955.537413]  serial8250_console_write+0x10a/0x280
[  955.537414]  ? msg_print_text+0x80/0x100
[  955.537414]  univ8250_console_write+0x21/0x30
[  955.537414]  console_unlock+0x3cf/0x560
[  955.537414]  vprintk_emit+0x134/0x2c0
[  955.537414]  vprintk_default+0x29/0x50
[  955.537414]  vprintk_func+0x47/0xc0
[  955.537415]  printk+0x52/0x6e
[  955.537415]  sched_show_task+0xe5/0x130
[  955.537415]  rcu_check_gp_kthread_starvation+0xad/0xc0
[  955.537416]  rcu_check_callbacks+0x6c5/0x8e0
[  955.537416]  ? tick_sched_do_timer+0x50/0x50
[  955.537416]  update_process_times+0x2f/0x60
[  955.537416]  tick_sched_handle+0x26/0x70
[  955.537416]  ? tick_sched_do_timer+0x42/0x50
[  955.537416]  tick_sched_timer+0x39/0x80
[  955.537417]  __hrtimer_run_queues+0xdf/0x230
[  955.537417]  hrtimer_interrupt+0xa0/0x1d0
[  955.537417]  smp_apic_timer_interrupt+0x6f/0x140
[  955.537417]  apic_timer_interrupt+0x90/0xa0
[  955.537417]  </IRQ>
[  955.537418] RIP: 0010:raid6_sse21_gen_syndrome+0xa6/0x130 [raid6_pq]
[  955.537418] RSP: 0018:ffffa3ad809c3b60 EFLAGS: 00010287 ORIG_RAX: ffffffffffffff11
[  955.537418] RAX: ffffa3ad809c3c08 RBX: 0000000000001000 RCX: ffffffffc04ba600
[  955.537418] RDX: 0000000000000c10 RSI: ffffa3ad809c3c28 RDI: 000000000000000d
[  955.537418] RBP: ffffa3ad809c3b90 R08: ffffa3ad809c3ba8 R09: 0000000000000c10
[  955.537418] R10: ffffa3ad809c3c20 R11: ffffa3ad809c3c18 R12: ffff988a365ae000
[  955.537419] R13: ffff988a365af000 R14: ffffa3ad809c3bb0 R15: 0000000000000080
[  955.537419]  init_module+0x118/0x1000 [raid6_pq]
[  955.537419]  ? 0xffffffffc04c5000
[  955.537419]  do_one_initcall+0x52/0x1a0
[  955.537419]  ? _cond_resched+0x19/0x40
[  955.537419]  ? kmem_cache_alloc_trace+0x167/0x1d0
[  955.537420]  ? do_init_module+0x27/0x211
[  955.537420]  do_init_module+0x5f/0x211
[  955.537420]  load_module+0x1772/0x2000
[  955.537420]  ? ima_post_read_file+0x96/0xa0
[  955.537420]  SYSC_finit_module+0xfc/0x120
[  955.537420]  ? SYSC_finit_module+0xfc/0x120
[  955.537421]  SyS_finit_module+0xe/0x10
[  955.537421]  do_syscall_64+0x73/0x130
[  955.537421]  entry_SYSCALL_64_after_hwframe+0x41/0xa6
[  955.537421] RIP: 0033:0x7fc1b02cf539
[  955.537421] RSP: 002b:00007ffed0742308 EFLAGS: 00000246 ORIG_RAX: 0000000000000139
[  955.537422] RAX: ffffffffffffffda RBX: 0000561a2e90a880 RCX: 00007fc1b02cf539
[  955.537422] RDX: 0000000000000000 RSI: 0000561a2e328cee RDI: 0000000000000004
[  955.537422] RBP: 0000561a2e328cee R08: 0000000000000000 R09: 0000561a2e909e00
[  955.537422] R10: 0000000000000004 R11: 0000000000000246 R12: 0000000000000000
[  955.537423] R13: 0000561a2e90a830 R14: 0000000000060000 R15: 0000561a2e909e00
[  955.537423] Code: 55 48 89 e5 d3 e6 01 f2 ec 0f b6 c0 5d c3 0f 1f 00 0f 1f 44 00 00 0f b6 8f a1 00 00 00 89 d0 8b 57 08 55 48 89 e5 d3 e6 01 f2 ee <5d> c3 0f 1f 40 00 0f 1f 44 00 00 0f b6 87 a2 00 00 00 55 48 c7 
[  955.537429] rcu_sched kthread starved for 237405 jiffies! g18446744073709551413 c18446744073709551412 f0x0 RCU_GP_WAIT_FQS(3) ->state=0x402 ->cpu=0
[  955.538135] Call Trace:
[  955.539851] rcu_sched       I    0     8      2 0x80000000
[  955.541188]  __schedule+0x24e/0x890
[  955.543784] Call Trace:
[  955.546596]  schedule+0x2c/0x80
[  955.548105]  __schedule+0x24e/0x890
[  955.549906]  schedule_timeout+0x15d/0x370
[  955.552325]  schedule+0x2c/0x80
[  955.554684]  ? __next_timer_interrupt+0xe0/0xe0
[  955.557139]  schedule_timeout+0x15d/0x370
[  955.559500]  rcu_gp_kthread+0x53a/0x980
[  955.561832]  ? __next_timer_interrupt+0xe0/0xe0
[  955.564506]  kthread+0x121/0x140
[  955.566403]  rcu_gp_kthread+0x53a/0x980
[  955.569193]  ? rcu_note_context_switch+0x150/0x150
[  955.570011]  kthread+0x121/0x140
[  955.570915]  ? kthread_create_worker_on_cpu+0x70/0x70
[  955.572406]  ? rcu_note_context_switch+0x150/0x150
[  955.574090]  ret_from_fork+0x35/0x40
[  955.575341]  ? kthread_create_worker_on_cpu+0x70/0x70
[  955.577156] NMI backtrace for cpu 1
[  955.578406]  ret_from_fork+0x35/0x40
[  955.580143] CPU: 1 PID: 262 Comm: modprobe Not tainted 4.15.0-173-generic #182-Ubuntu
[  955.710045] Hardware name: innotek GmbH VirtualBox/VirtualBox, BIOS VirtualBox 12/01/2006
[  955.712968] Call Trace:
[  955.713959]  <IRQ>
[  955.714762]  dump_stack+0x6d/0x8b
[  955.716170]  nmi_cpu_backtrace+0x94/0xa0
[  955.717640]  ? lapic_can_unplug_cpu+0xb0/0xb0
[  955.719216]  nmi_trigger_cpumask_backtrace+0xe7/0x130
[  955.721006]  arch_trigger_cpumask_backtrace+0x19/0x20
[  955.722839]  rcu_dump_cpu_stacks+0xa3/0xd5
[  955.724340]  rcu_check_callbacks+0x6cd/0x8e0
[  955.725851]  ? tick_sched_do_timer+0x50/0x50
[  955.727382]  update_process_times+0x2f/0x60
[  955.728995]  tick_sched_handle+0x26/0x70
[  955.730412]  ? tick_sched_do_timer+0x42/0x50
[  955.731960]  tick_sched_timer+0x39/0x80
[  955.733365]  __hrtimer_run_queues+0xdf/0x230
[  955.734886]  hrtimer_interrupt+0xa0/0x1d0
[  955.736340]  smp_apic_timer_interrupt+0x6f/0x140
[  955.738173]  apic_timer_interrupt+0x90/0xa0
[  955.739710]  </IRQ>
[  955.740544] RIP: 0010:raid6_sse21_gen_syndrome+0xa6/0x130 [raid6_pq]
[  955.742724] RSP: 0018:ffffa3ad809c3b60 EFLAGS: 00010287 ORIG_RAX: ffffffffffffff11
[  955.745347] RAX: ffffa3ad809c3c08 RBX: 0000000000001000 RCX: ffffffffc04ba600
[  955.747749] RDX: 0000000000000c10 RSI: ffffa3ad809c3c28 RDI: 000000000000000d
[  955.750178] RBP: ffffa3ad809c3b90 R08: ffffa3ad809c3ba8 R09: 0000000000000c10
[  955.752567] R10: ffffa3ad809c3c20 R11: ffffa3ad809c3c18 R12: ffff988a365ae000
[  955.755062] R13: ffff988a365af000 R14: ffffa3ad809c3bb0 R15: 0000000000000080
[  955.757643]  init_module+0x118/0x1000 [raid6_pq]
[  955.759217]  ? 0xffffffffc04c5000
[  955.760454]  do_one_initcall+0x52/0x1a0
[  955.761827]  ? _cond_resched+0x19/0x40
[  955.763300]  ? kmem_cache_alloc_trace+0x167/0x1d0
[  955.764969]  ? do_init_module+0x27/0x211
[  955.766424]  do_init_module+0x5f/0x211
[  955.767800]  load_module+0x1772/0x2000
[  955.769166]  ? ima_post_read_file+0x96/0xa0
[  955.770674]  SYSC_finit_module+0xfc/0x120
[  955.772105]  ? SYSC_finit_module+0xfc/0x120
[  955.773549]  SyS_finit_module+0xe/0x10
[  955.774910]  do_syscall_64+0x73/0x130
[  955.776246]  entry_SYSCALL_64_after_hwframe+0x41/0xa6
[  955.778055] RIP: 0033:0x7fc1b02cf539
[  955.779669] RSP: 002b:00007ffed0742308 EFLAGS: 00000246 ORIG_RAX: 0000000000000139
[  955.782338] RAX: ffffffffffffffda RBX: 0000561a2e90a880 RCX: 00007fc1b02cf539
[  955.784704] RDX: 0000000000000000 RSI: 0000561a2e328cee RDI: 0000000000000004
[  955.787166] RBP: 0000561a2e328cee R08: 0000000000000000 R09: 0000561a2e909e00
[  955.789748] R10: 0000000000000004 R11: 0000000000000246 R12: 0000000000000000
[  955.792142] R13: 0000561a2e90a830 R14: 0000000000060000 R15: 0000561a2e909e00
[  955.794655] raid6: sse2x1   gen() 189013859 MB/s
[  955.854108] raid6: sse2x1   xor() 17805 MB/s
[  955.917198] raid6: sse2x2   gen() 19758 MB/s
[  955.981186] raid6: sse2x2   xor() 21874 MB/s
[  956.045182] raid6: sse2x4   gen() 30723 MB/s
[  956.108978] raid6: sse2x4   xor() 14871 MB/s
[  956.110512] raid6: using algorithm sse2x1 gen() 189013859 MB/s
[  956.112675] raid6: .... xor() 17805 MB/s, rmw enabled
[  956.114492] raid6: using ssse3x2 recovery algorithm
[  956.118433] xor: measuring software checksum speed
[  956.156765]    prefetch64-sse: 25382.000 MB/sec
[  956.196819]    generic_sse: 23466.000 MB/sec
[  956.198297] xor: using function: prefetch64-sse (25382.000 MB/sec)
[  956.202146] async_tx: api initialized (async)
done.
Begin: Running /scripts/init-premount ... done.
Begin: Mounting root file system ... Begin: Running /scripts/local-top ... done.
Begin: Running /scripts/local-premount ... [  956.243786] Btrfs loaded, crc32c=crc32c-intel
Scanning for Btrfs filesystems
done.
Warning: fsck not present, so skipping root file system
[  956.313065] EXT4-fs (sda1): mounted filesystem with ordered data mode. Opts: (null)
done.
Begin: Running /scripts/local-bottom ... done.
Begin: Running /scripts/init-bottom ... done.
[  956.454605] ip_tables: (C) 2000-2006 Netfilter Core Team
[  956.465398] systemd[1]: systemd 237 running in system mode. (+PAM +AUDIT +SELINUX +IMA +APPARMOR +SMACK +SYSVINIT +UTMP +LIBCRYPTSETUP +GCRYPT +GNUTLS +ACL +XZ +LZ4 +SECCOMP +BLKID +ELFUTILS +KMOD -IDN2 +IDN -PCRE2 default-hierarchy=hybrid)
[  956.472766] systemd[1]: Detected virtualization oracle.
[  956.474633] systemd[1]: Detected architecture x86-64.

Welcome to [1mUbuntu 18.04.6 LTS[0m!

[  956.489241] systemd[1]: Set hostname to <ubuntu>.
[  956.494109] systemd[1]: Initializing machine ID from random generator.
[  956.496386] systemd[1]: Installed transient /etc/machine-id file.
[  956.729946] systemd[1]: Set up automount Arbitrary Executable File Formats File System Automount Point.
[[0;32m  OK  [0m] Set up automount Arbitrary Executab…rmats File System Automount Point.
[  956.734653] systemd[1]: Reached target User and Group Name Lookups.
[[0;32m  OK  [0m] Reached target User and Group Name Lookups.
[  956.742217] systemd[1]: Created slice User and Session Slice.
[[0;32m  OK  [0m] Created slice User and Session Slice.
[  956.745669] systemd[1]: Reached target Swap.
[[0;32m  OK  [0m] Reached target Swap.
[[0;32m  OK  [0m] Created slice System Slice.
[[0;32m  OK  [0m] Listening on Device-mapper event daemon FIFOs.
[[0;32m  OK  [0m] Listening on Journal Socket.
[[0;32m  OK  [0m] Listening on Journal Socket (/dev/log).
[[0;32m  OK  [0m] Listening on udev Control Socket.
[[0;32m  OK  [0m] Listening on LVM2 metadata daemon socket.
[[0;32m  OK  [0m] Listening on /dev/initctl Compatibility Named Pipe.
[[0;32m  OK  [0m] Listening on LVM2 poll daemon socket.
         Starting Set the console keyboard layout...
         Starting Uncomplicated firewall...
[[0;32m  OK  [0m] Listening on udev Kernel Socket.
         Mounting Huge Pages File System...
         Starting Load Kernel Modules...
         Starting Monitoring of LVM2 mirrors…ng dmeventd or progress polling...
[[0;32m  OK  [0m] Listening on Network Service Netlink Socket.
[[0;32m  OK  [0m] Listening on Syslog Socket.
[[0;32m  OK  [0m] Listening on fsck to fsckd communication Socket.
         Starting File System Check on Root Device...
         Mounting POSIX Message Queue File System...
[[0;32m  OK  [0m] Started Forward Password Requests to Wall Directory Watch.
[[0;32m  OK  [0m] Listening on Journal Audit Socket.
         Starting Journal Service...
         Starting Create list of required st…ce nodes for the current kernel...
[[0;32m  OK  [0m] Reached target Slices.
[[0;32m  OK  [0m] Reached target System Time Synchronized.
         Starting udev Coldplug all Devices...
[[0;32m  OK  [0m] Created slice system-serial\x2dgetty.slice.
         Mounting Kernel Debug File System...
[[0;32m  OK  [0m] Started Uncomplicated firewall.
[[0;32m  OK  [0m] Mounted Huge Pages File System.
[[0;32m  OK  [0m] Mounted POSIX Message Queue File System.
[  956.864671] Loading iSCSI transport class v2.0-870.
[[0;32m  OK  [0m] Mounted Kernel Debug File System.
[[0;32m  OK  [0m] Started LVM2 metadata daemon.
[[0;32m  OK  [0m] Started File System Check Daemon to report status.
[[0;32m  OK  [0m] Started Create list of required sta…vice nodes for the current kernel.
         Starting Create Static Device Nodes in /dev...
[[0;32m  OK  [0m] Started udev Coldplug all Devices.
[  956.939224] iscsi: registered transport (tcp)
[  956.952339] iscsi: registered transport (iser)
[[0;32m  OK  [0m] Started Load Kernel Modules.
         Mounting FUSE Control File System...
         Starting Apply Kernel Variables...
         Mounting Kernel Configuration File System...
[[0;32m  OK  [0m] Mounted FUSE Control File System.
[[0;32m  OK  [0m] Mounted Kernel Configuration File System.
[[0;32m  OK  [0m] Started Journal Service.
[[0;32m  OK  [0m] Started Create Static Device Nodes in /dev.
[[0;32m  OK  [0m] Started Monitoring of LVM2 mirrors,…sing dmeventd or progress polling.
[[0;32m  OK  [0m] Started File System Check on Root Device.
         Starting Remount Root and Kernel File Systems...
[[0;32m  OK  [0m] Started Apply Kernel Variables.
[[0;32m  OK  [0m] Started Remount Root and Kernel File Systems.
[[0;32m  OK  [0m] Started Set the console keyboard layout.
[[0;32m  OK  [0m] Reached target Local File Systems (Pre).
[[0;32m  OK  [0m] Reached target Local File Systems.
         Starting Tell Plymouth To Write Out Runtime Data...
         Starting Set console font and keymap...
         Starting ebtables ruleset management...
         Starting AppArmor initialization...
         Starting Commit a transient machine-id on disk...
         Starting Load/Save Random Seed...
         Starting udev Kernel Device Manager...
         Starting Flush Journal to Persistent Storage...
[[0;32m  OK  [0m] Started Tell Plymouth To Write Out Runtime Data.
[[0;32m  OK  [0m] Started Set console font and keymap.
[[0;32m  OK  [0m] Started Load/Save Random Seed.
[[0;32m  OK  [0m] Started udev Kernel Device Manager.
[[0;32m  OK  [0m] Started Dispatch Password Requests to Console Directory Watch.
[[0;32m  OK  [0m] Reached target Local Encrypted Volumes.
[[0;32m  OK  [0m] Started Flush Journal to Persistent Storage.
         Starting Create Volatile Files and Directories...
[[0;32m  OK  [0m] Started Commit a transient machine-id on disk.
[[0;32m  OK  [0m] Started Create Volatile Files and Directories.
[[0;32m  OK  [0m] Started ebtables ruleset management.
         Starting Update UTMP about System Boot/Shutdown...
[[0;32m  OK  [0m] Started Update UTMP about System Boot/Shutdown.
[[0;32m  OK  [0m] Found device /dev/ttyS0.
[[0;32m  OK  [0m] Listening on Load/Save RF Kill Switch Status /dev/rfkill Watch.
[[0;32m  OK  [0m] Started AppArmor initialization.
         Starting Load AppArmor profiles managed internally by snapd...
         Starting Initial cloud-init job (pre-networking)...
[[0;32m  OK  [0m] Started Load AppArmor profiles managed internally by snapd.
[  959.388508] cloud-init[537]: Cloud-init v. 22.1-14-g2e17a0d6-0ubuntu1~18.04.3 running 'init-local' at Thu, 26 May 2022 08:52:15 +0000. Up 959.16 seconds.
[[0;32m  OK  [0m] Started Initial cloud-init job (pre-networking).
[[0;32m  OK  [0m] Reached target Network (Pre).
         Starting Network Service...
[[0;32m  OK  [0m] Started Network Service.
         Starting Network Name Resolution...
         Starting Wait for Network to be Configured...
[[0;32m  OK  [0m] Started Network Name Resolution.
[[0;32m  OK  [0m] Reached target Network.
[[0;32m  OK  [0m] Reached target Host and Network Name Lookups.
[[0;32m  OK  [0m] Started Wait for Network to be Configured.
         Starting Initial cloud-init job (metadata service crawler)...
[  961.679345] cloud-init[654]: Cloud-init v. 22.1-14-g2e17a0d6-0ubuntu1~18.04.3 running 'init' at Thu, 26 May 2022 08:52:18 +0000. Up 961.52 seconds.
[  961.681983] cloud-init[654]: ci-info: ++++++++++++++++++++++++++++++++++++++Net device info++++++++++++++++++++++++++++++++++++++
[  961.683697] cloud-init[654]: ci-info: +--------+------+----------------------------+---------------+--------+-------------------+
[  961.685512] cloud-init[654]: ci-info: | Device |  Up  |          Address           |      Mask     | Scope  |     Hw-Address    |
[  961.687594] cloud-init[654]: ci-info: +--------+------+----------------------------+---------------+--------+-------------------+
[  961.689535] cloud-init[654]: ci-info: | enp0s3 | True |         10.0.2.15          | 255.255.255.0 | global | 02:27:94:89:a7:22 |
[  961.691415] cloud-init[654]: ci-info: | enp0s3 | True | fe80::27:94ff:fe89:a722/64 |       .       |  link  | 02:27:94:89:a7:22 |
[  961.692970] cloud-init[654]: ci-info: |   lo   | True |         127.0.0.1          |   255.0.0.0   |  host  |         .         |
[  961.695511] cloud-init[654]: ci-info: |   lo   | True |          ::1/128           |       .       |  host  |         .         |
[  961.697333] cloud-init[654]: ci-info: +--------+------+----------------------------+---------------+--------+-------------------+
[  961.699215] cloud-init[654]: ci-info: ++++++++++++++++++++++++++++Route IPv4 info+++++++++++++++++++++++++++++
[  961.700826] cloud-init[654]: ci-info: +-------+-------------+----------+-----------------+-----------+-------+
[  961.702915] cloud-init[654]: ci-info: | Route | Destination | Gateway  |     Genmask     | Interface | Flags |
[  961.704548] cloud-init[654]: ci-info: +-------+-------------+----------+-----------------+-----------+-------+
[  961.706107] cloud-init[654]: ci-info: |   0   |   0.0.0.0   | 10.0.2.2 |     0.0.0.0     |   enp0s3  |   UG  |
[  961.707597] cloud-init[654]: ci-info: |   1   |   10.0.2.0  | 0.0.0.0  |  255.255.255.0  |   enp0s3  |   U   |
[  961.709143] cloud-init[654]: ci-info: |   2   |   10.0.2.2  | 0.0.0.0  | 255.255.255.255 |   enp0s3  |   UH  |
[  961.710462] cloud-init[654]: ci-info: +-------+-------------+----------+-----------------+-----------+-------+
[  961.711984] cloud-init[654]: ci-info: +++++++++++++++++++Route IPv6 info+++++++++++++++++++
[  961.713160] cloud-init[654]: ci-info: +-------+-------------+---------+-----------+-------+
[  961.714598] cloud-init[654]: ci-info: | Route | Destination | Gateway | Interface | Flags |
[  961.715898] cloud-init[654]: ci-info: +-------+-------------+---------+-----------+-------+
[  961.717225] cloud-init[654]: ci-info: |   1   |  fe80::/64  |    ::   |   enp0s3  |   U   |
[  961.718798] cloud-init[654]: ci-info: |   3   |    local    |    ::   |   enp0s3  |   U   |
[  961.720246] cloud-init[654]: ci-info: |   4   |   ff00::/8  |    ::   |   enp0s3  |   U   |
[  961.721627] cloud-init[654]: ci-info: +-------+-------------+---------+-----------+-------+
[  962.267342] cloud-init[654]: Generating public/private rsa key pair.
[  962.268756] cloud-init[654]: Your identification has been saved in /etc/ssh/ssh_host_rsa_key.
[  962.279429] cloud-init[654]: Your public key has been saved in /etc/ssh/ssh_host_rsa_key.pub.
[  962.280522] cloud-init[654]: The key fingerprint is:
[  962.281307] cloud-init[654]: SHA256:rOp09CqvCPTKEfhq4tGNzgAFBX6JtJNu9mIwhhYJzPw root@ubuntu-bionic
[  962.282367] cloud-init[654]: The key's randomart image is:
[  962.283058] cloud-init[654]: +---[RSA 2048]----+
[  962.283674] cloud-init[654]: |B+.              |
[  962.284332] cloud-init[654]: |+== .            |
[  962.285037] cloud-init[654]: | Ooo             |
[  962.285804] cloud-init[654]: |+.+E   .         |
[  962.286606] cloud-init[654]: |*O    . S        |
[  962.287337] cloud-init[654]: |Oo= o. o         |
[  962.288315] cloud-init[654]: |.*.=..o .        |
[  962.289013] cloud-init[654]: |++Oo.o .         |
[  962.289651] cloud-init[654]: |=+.+++o          |
[  962.290282] cloud-init[654]: +----[SHA256]-----+
[  962.290922] cloud-init[654]: Generating public/private dsa key pair.
[  962.291710] cloud-init[654]: Your identification has been saved in /etc/ssh/ssh_host_dsa_key.
[  962.292759] cloud-init[654]: Your public key has been saved in /etc/ssh/ssh_host_dsa_key.pub.
[  962.293980] cloud-init[654]: The key fingerprint is:
[  962.295065] cloud-init[654]: SHA256:8CGUJwV3jv1l5pcoI9hN5fCezOUShBiw8LWhvGEl1aU root@ubuntu-bionic
[  962.296300] cloud-init[654]: The key's randomart image is:
[  962.297231] cloud-init[654]: +---[DSA 1024]----+
[  962.297978] cloud-init[654]: |     .o*=*=.o+   |
[  962.298762] cloud-init[654]: |     .*.B*ooB    |
[  962.299557] cloud-init[654]: |      oXo.oE ++. |
[  962.300639] cloud-init[654]: |      .+=.o.+=* .|
[  962.301376] cloud-init[654]: |       oSo +.B.o.|
[  962.302489] cloud-init[654]: |          . o .. |
[  962.303330] cloud-init[654]: |                 |
[  962.304094] cloud-init[654]: |                 |
[  962.304991] cloud-init[654]: |                 |
[  962.305760] cloud-init[654]: +----[SHA256]-----+
[  962.306600] cloud-init[654]: Generating public/private ecdsa key pair.
[  962.307646] cloud-init[654]: Your identification has been saved in /etc/ssh/ssh_host_ecdsa_key.
[  962.309060] cloud-init[654]: Your public key has been saved in /etc/ssh/ssh_host_ecdsa_key.pub.
[  962.310479] cloud-init[654]: The key fingerprint is:
[  962.311291] [cloud-init[0;32m  OK  [0m[654]: ] SHA256:HtRteiz4TaKVYt/EMRSXifxDwYVh7KuvCyeJj8D0mn8 root@ubuntu-bionicStarted Initial cloud-init job (metadata service crawler).

[[0;32m  OK  [0m] Reached target System Initialization.
[  962.313518] cloud-init[654]: The key's randomart image is:
[  962.315091] [cloud-init[0;32m  OK  [0m[654]: ] +---[ECDSA 256]---+Started Discard unused blocks once a week.

[[  962.316604] cloud-init[654]: |           .o==B.|
[0;32m  OK  [0m] Started Trigger to poll for Ubuntu …(Only enabled on GCP LTS non-pro).
[[  962.316641] [0;32m  OK  [0mcloud-init] [654]: Started Daily Cleanup of Temporary Directories.|         . oooB  |

[  962.320582] cloud-init[654]: |        . . =+   |
[[0;32m  OK  [0m] Started Daily apt download activities.
[  962.320631] cloud-init[654]: |       . . * o+  |
[  962.322998] cloud-init[654]: |      . S * *  o |
[  962.323769] cloud-init[654]: |     o + O X  .  |
[[0;32m  OK  [0m] Started ACPI Events Check.
[  962.323813] cloud-init[654]: |      o = * +.   |
[[0;32m  OK  [0m] Listening on D-Bus System Message Bus Socket.
[  962.326766] cloud-init[654]: |       + oE+.    |
[  962.329200] cloud-init[654]: |      o.o.. o+.  |
[  962.331269]          cloud-initStarting Socket activation for snappy daemon.
[654]: +----[SHA256]-----+
[  962.333461] [cloud-init[0;32m  OK  [0m[654]: Generating public/private ed25519 key pair.
] Started Message of the Day.
[  962.333516] cloud-init[654]: Your identification has been saved in /etc/ssh/ssh_host_ed25519_key.
[  962.336595] [cloud-init[0;32m  OK  [0m[654]: ] Your public key has been saved in /etc/ssh/ssh_host_ed25519_key.pub.Reached target Paths.

[  962.338548] [cloud-init[0;32m  OK  [0m[654]: ] The key fingerprint is:Listening on cloud-init hotplug hook socket.

[  962.340157] [cloud-init[0;32m  OK  [0m[654]: ] SHA256:PxzpFO+aNgPwdMKUi3WRRAQmMr+0Fzu2VmxCzXhJFcQ root@ubuntu-bionicListening on UUID daemon activation socket.

[[0;32m  OK  [0m] Started Ubuntu Advantage Timer for running repeated jobs.
[  962.342567] cloud-init[654]: The key's randomart image is:
[  962.344461] [cloud-init[0;32m  OK  [0m[654]: ] +--[ED25519 256]--+Started Daily apt upgrade and clean activities.

[[0;32m  OK  [0m] Reached target Timers.
[  962.346177] cloud-init[654]: |    o . o***+.   |
         Starting LXD - unix socket.
[  962.350969] cloud-init[654]: |     + o+=o.E    |
[[0;32m  OK  [0m] Listening on ACPID Listen Socket.
[  962.353865] cloud-init[654]: |      o=+o*      |
[[0;32m  OK  [0m] Listening on Open-iSCSI iscsid Socket.
[[  962.354743] [0;32m  OK  [0mcloud-init] [654]: Reached target Cloud-config availability.|     .o+==.+     |

[  962.357384] [cloud-init[654]: |      o+SoB .    |
[0;32m  OK  [0m] Reached target Network is Online.
[  962.357436] cloud-init[654]: |       oo@ o     |
[[  962.359670] [0;32m  OK  [0mcloud-init] [654]: Reached target Remote File Systems (Pre).|        o.= .    |

[[  962.359713] [0;32m  OK  [0mcloud-init] [654]: Reached target Remote File Systems.|       .  ++     |

         Starting Availability of block devices...
[  962.366776] cloud-init[654]: |         .oo     |
[  962.368986] cloud-init[654]: +----[SHA256]-----+
[[0;32m  OK  [0m] Listening on Socket activation for snappy daemon.
[[0;32m  OK  [0m] Listening on LXD - unix socket.
[[0;32m  OK  [0m] Started Availability of block devices.
         Starting Cleanup of Temporary Directories...
[[0;32m  OK  [0m] Reached target Sockets.
[[0;32m  OK  [0m] Reached target Basic System.
         Starting Virtualbox guest utils...
         Starting System Logging Service...
         Starting Pollinate to seed the pseudo random number generator...
[[0;32m  OK  [0m] Started FUSE filesystem for LXC.
         Starting Dispatcher daemon for systemd-networkd...
         Starting LSB: automatic crash report generation...
[[0;32m  OK  [0m] Started Deferred execution scheduler.
         Starting Snap Daemon...
         Starting LSB: Record successful boot for GRUB...
[[0;32m  OK  [0m] Started Regular background program processing daemon.
[[0;32m  OK  [0m] Started irqbalance daemon.
         Starting Login Service...
         Starting Permit User Sessions...
[[0;32m  OK  [0m] Started D-Bus System Message Bus.
         Starting LXD - container startup/shutdown...
         Starting Accounts Service...
[[0;32m  OK  [0m] Started System Logging Service.
[[0;32m  OK  [0m] Started Cleanup of Temporary Directories.
[[0;32m  OK  [0m] Started Permit User Sessions.
         Starting Terminate Plymouth Boot Screen...
         Starting Hold until boot process finishes up...
[[0;32m  OK  [0m] Started Hold until boot process finishes up.
[[0;32m  OK  [0m] Started Terminate Plymouth Boot Screen.
[[0;32m  OK  [0m] Started Serial Getty on ttyS0.
         Starting Set console scheme...
[[0;32m  OK  [0m] Started Set console scheme.
[[0;32m  OK  [0m] Created slice system-getty.slice.
[[0;32m  OK  [0m] Started Getty on tty1.
[[0;32m  OK  [0m] Reached target Login Prompts.
[[0;32m  OK  [0m] Started LSB: automatic crash report generation.
[[0;32m  OK  [0m] Started Dispatcher daemon for systemd-networkd.
[[0;32m  OK  [0m] Started LSB: Record successful boot for GRUB.
[[0;32m  OK  [0m] Started Login Service.
[[0;32m  OK  [0m] Started Unattended Upgrades Shutdown.
         Starting Authorization Manager...
[[0;32m  OK  [0m] Started Authorization Manager.
[[0;32m  OK  [0m] Started Accounts Service.
[[0;32m  OK  [0m] Started LXD - container startup/shutdown.
[[0;32m  OK  [0m] Started Virtualbox guest utils.
[[0;32m  OK  [0m] Started Snap Daemon.
         Starting Wait until snapd is fully seeded...
         Starting Time & Date Service...
[[0;32m  OK  [0m] Started Time & Date Service.
[[0;32m  OK  [0m] Started Wait until snapd is fully seeded.
         Starting Apply the settings specified in cloud-config...
[[0;32m  OK  [0m] Started Pollinate to seed the pseudo random number generator.
         Starting OpenBSD Secure Shell server...
[[0;32m  OK  [0m] Started OpenBSD Secure Shell server.
[[0;32m  OK  [0m] Reached target Multi-User System.
[[0;32m  OK  [0m] Reached target Graphical Interface.
         Starting Update UTMP about System Runlevel Changes...
[[0;32m  OK  [0m] Started Update UTMP about System Runlevel Changes.
[[0;32m  OK  [0m] Created slice User Slice of vagrant.
         Starting User Manager for UID 1000...
[[0;32m  OK  [0m] Started Session 1 of user vagrant.
[  967.361754] cloud-init[1344]: Cloud-init v. 22.1-14-g2e17a0d6-0ubuntu1~18.04.3 running 'modules:config' at Thu, 26 May 2022 08:52:23 +0000. Up 967.00 seconds.
[[0;32m  OK  [0m] Started Apply the settings specified in cloud-config.
         Starting Execute cloud user/final scripts...
[[0;32m  OK  [0m] Started User Manager for UID 1000.
ci-info: no authorized SSH keys fingerprints found for user ubuntu.
<14>May 26 08:52:24 cloud-init: #############################################################
<14>May 26 08:52:24 cloud-init: -----BEGIN SSH HOST KEY FINGERPRINTS-----
<14>May 26 08:52:24 cloud-init: 1024 SHA256:8CGUJwV3jv1l5pcoI9hN5fCezOUShBiw8LWhvGEl1aU root@ubuntu-bionic (DSA)
<14>May 26 08:52:24 cloud-init: 256 SHA256:HtRteiz4TaKVYt/EMRSXifxDwYVh7KuvCyeJj8D0mn8 root@ubuntu-bionic (ECDSA)
<14>May 26 08:52:24 cloud-init: 256 SHA256:PxzpFO+aNgPwdMKUi3WRRAQmMr+0Fzu2VmxCzXhJFcQ root@ubuntu-bionic (ED25519)
<14>May 26 08:52:24 cloud-init: 2048 SHA256:rOp09CqvCPTKEfhq4tGNzgAFBX6JtJNu9mIwhhYJzPw root@ubuntu-bionic (RSA)
<14>May 26 08:52:24 cloud-init: -----END SSH HOST KEY FINGERPRINTS-----
<14>May 26 08:52:24 cloud-init: #############################################################
-----BEGIN SSH HOST KEY KEYS-----
ecdsa-sha2-nistp256 AAAAE2VjZHNhLXNoYTItbmlzdHAyNTYAAAAIbmlzdHAyNTYAAABBBDIOWC3L/D9mdfqzQrHt3WXFq3eC6YyqJOEhggD1r2UF3PrCc+lZBo2rq+Yis0iZfGeJ0r1S8J9hbXmiAkJgf4A= root@ubuntu-bionic
ssh-ed25519 AAAAC3NzaC1lZDI1NTE5AAAAIEfWCvkBgudVYlimNTMaAJKTSdrrsIKnZw9SksMyIiaH root@ubuntu-bionic
ssh-rsa AAAAB3NzaC1yc2EAAAADAQABAAABAQDY2Sz01UXythNx258Ih06s9JSSjODCKDGh5A27K5t/ipjD4Bghq1ci9vzDRnNzbZdAXGayPmyptBZ9u8q2rgAeCJqQNnFJGdzW7vE+tddIG5yuE64TUqErw2lFpvw2Xf1gkWjFl6TRNqYqMmfSosdAkIC+FXOYyguprkPOxx39XovWA+krXO4EN2Okge/YVI9xX2YcW6Mo0XnlcDqaC1moCH9XPE4RZkOoYnI9xMc5JEMtMXjKNmNY3NU4ckb8rQegZNQyfxqyTVgdQiYRMBzUfQOFFNi8Rvr8IyMxVeR9RJ5zcK0TsNIUXcphRvnJ4AkmnSslqOoUeQqRFR5DTWgL root@ubuntu-bionic
-----END SSH HOST KEY KEYS-----
[  967.750843] cloud-init[1474]: Cloud-init v. 22.1-14-g2e17a0d6-0ubuntu1~18.04.3 running 'modules:final' at Thu, 26 May 2022 08:52:24 +0000. Up 967.59 seconds.
[[0;32m  OK  [0m] Started Execute cloud user/final scripts.
[[0;32m  OK  [0m] Reached target Cloud-init target.
[  967.776759] cloud-init[1474]: Cloud-init v. 22.1-14-g2e17a0d6-0ubuntu1~18.04.3 finished at Thu, 26 May 2022 08:52:24 +0000. Datasource DataSourceNoCloud [seed=/dev/sdb][dsmode=net].  Up 967.73 seconds

Ubuntu 18.04.6 LTS ubuntu-bionic ttyS0

ubuntu-bionic login:          Stopping Session 24 of user vagrant.
[[0;32m  OK  [0m] Stopped Discard unused blocks once a week.
[[0;32m  OK  [0m] Stopped target System Time Synchronized.
[[0;32m  OK  [0m] Unmounted /var/lib/lxcfs.
[[0;32m  OK  [0m] Stopped System Logging Service.
[[0;32m  OK  [0m] Stopped Dispatcher daemon for systemd-networkd.
[[0;32m  OK  [0m] Stopped Deferred execution scheduler.
[[0;32m  OK  [0m] Stopped Regular background program processing daemon.
[[0;32m  OK  [0m] Stopped irqbalance daemon.
[[0;32m  OK  [0m] Stopped Accounts Service.
[[0;32m  OK  [0m] Stopped Serial Getty on ttyS0.
[[0;32m  OK  [0m] Stopped Getty on tty1.
[[0;32m  OK  [0m] Stopped Unattended Upgrades Shutdown.
[[0;32m  OK  [0m] Stopped Authorization Manager.
[[0;32m  OK  [0m] Stopped OpenBSD Secure Shell server.
[[0;32m  OK  [0m] Stopped User Manager for UID 1000.
[[0;32m  OK  [0m] Stopped Availability of block devices.
[[0;32m  OK  [0m] Stopped D-Bus System Message Bus.
[17744.993978] watchdog: BUG: soft lockup - CPU#1 stuck for 23s! [kworker/1:1:489]
[[0;32m  OK  [0m] Stopped FUSE filesystem for LXC.
[[0;32m  OK  [0m] Stopped Session 24 of user v[17745.230879] watchdog: BUG: soft lockup - CPU#0 stuck for 23s! [swapper/0:0]
agrant.
[[0;32m  OK  [0m] Stopped Session 26 of user vagrant.
[[0;32m  OK  [0m] Removed slice User Slice of vagrant.
         Stopping Login Service...
[[0;32m  OK  [0m] Removed slice system-getty.slice.
         Stopping Permit User Sessions...
[[0;32m  OK  [0m] Removed slice system-serial\x2dgetty.slice.
